# JRE version: OpenJDK Runtime Environment Temurin-17.0.7+7 (17.0.7+7) (build 17.0.7+7)
# Java VM: OpenJDK 64-Bit Server VM Temurin-17.0.7+7 (17.0.7+7, mixed mode, emulated-client, tiered, compressed oops, compressed class ptrs, g1 gc, windows-amd64)
GC Precious Log:
 CPUs: 4 total, 4 available
 Memory: 4011M
 Large Page Support: Disabled
 NUMA Support: Disabled
 Compressed Oops: Enabled (32-bit)
 Heap Region Size: 1M
 Heap Min Capacity: 8M
 Heap Initial Capacity: 64M
 Heap Max Capacity: 1004M
 Pre-touch: Disabled
 Parallel Workers: 4
 Concurrent Workers: 1
 Concurrent Refinement Workers: 4
 Periodic GC: Disabled
Heap:
 garbage-first heap   total 78848K, used 28317K [0x00000000c1400000, 0x0000000100000000)
  region size 1024K, 4 young (4096K), 4 survivors (4096K)
 Metaspace       used 80609K, committed 81344K, reserved 1179648K
  class space    used 11051K, committed 11392K, reserved 1048576K
GC Heap History (20 events):
Event: 12.881 GC heap after
{Heap after GC invocations=16 (full 0):
 garbage-first heap   total 78848K, used 25593K [0x00000000c1400000, 0x0000000100000000)
  region size 1024K, 3 young (3072K), 3 survivors (3072K)
 Metaspace       used 60047K, committed 60480K, reserved 1114112K
  class space    used 7934K, committed 8128K, reserved 1048576K
}
Event: 13.948 GC heap before
{Heap before GC invocations=17 (full 0):
 garbage-first heap   total 78848K, used 61433K [0x00000000c1400000, 0x0000000100000000)
  region size 1024K, 38 young (38912K), 3 survivors (3072K)
 Metaspace       used 65850K, committed 66368K, reserved 1114112K
  class space    used 8897K, committed 9152K, reserved 1048576K
}
Event: 13.955 GC heap after
{Heap after GC invocations=18 (full 0):
 garbage-first heap   total 78848K, used 27114K [0x00000000c1400000, 0x0000000100000000)
  region size 1024K, 4 young (4096K), 4 survivors (4096K)
 Metaspace       used 65850K, committed 66368K, reserved 1114112K
  class space    used 8897K, committed 9152K, reserved 1048576K
}
Event: 13.985 GC heap before
{Heap before GC invocations=18 (full 0):
 garbage-first heap   total 78848K, used 28138K [0x00000000c1400000, 0x0000000100000000)
  region size 1024K, 5 young (5120K), 4 survivors (4096K)
 Metaspace       used 66022K, committed 66560K, reserved 1114112K
  class space    used 8921K, committed 9152K, reserved 1048576K
}
Event: 13.992 GC heap after
{Heap after GC invocations=19 (full 0):
 garbage-first heap   total 78848K, used 26997K [0x00000000c1400000, 0x0000000100000000)
  region size 1024K, 1 young (1024K), 1 survivors (1024K)
 Metaspace       used 66022K, committed 66560K, reserved 1114112K
  class space    used 8921K, committed 9152K, reserved 1048576K
}
Event: 14.545 GC heap before
{Heap before GC invocations=19 (full 0):
 garbage-first heap   total 78848K, used 62837K [0x00000000c1400000, 0x0000000100000000)
  region size 1024K, 36 young (36864K), 1 survivors (1024K)
 Metaspace       used 69536K, committed 70144K, reserved 1114112K
  class space    used 9423K, committed 9728K, reserved 1048576K
}
Event: 14.549 GC heap after
{Heap after GC invocations=20 (full 0):
 garbage-first heap   total 78848K, used 28300K [0x00000000c1400000, 0x0000000100000000)
  region size 1024K, 2 young (2048K), 2 survivors (2048K)
 Metaspace       used 69536K, committed 70144K, reserved 1114112K
  class space    used 9423K, committed 9728K, reserved 1048576K
}
Event: 14.992 GC heap before
{Heap before GC invocations=21 (full 0):
 garbage-first heap   total 78848K, used 63116K [0x00000000c1400000, 0x0000000100000000)
  region size 1024K, 36 young (36864K), 2 survivors (2048K)
 Metaspace       used 72302K, committed 72896K, reserved 1114112K
  class space    used 9871K, committed 10176K, reserved 1048576K
}
Event: 14.998 GC heap after
{Heap after GC invocations=22 (full 0):
 garbage-first heap   total 78848K, used 29348K [0x00000000c1400000, 0x0000000100000000)
  region size 1024K, 3 young (3072K), 3 survivors (3072K)
 Metaspace       used 72302K, committed 72896K, reserved 1114112K
  class space    used 9871K, committed 10176K, reserved 1048576K
}
Event: 15.511 GC heap before
{Heap before GC invocations=22 (full 0):
 garbage-first heap   total 78848K, used 64164K [0x00000000c1400000, 0x0000000100000000)
  region size 1024K, 37 young (37888K), 3 survivors (3072K)
 Metaspace       used 74335K, committed 74944K, reserved 1114112K
  class space    used 10158K, committed 10432K, reserved 1048576K
}
Event: 15.519 GC heap after
{Heap after GC invocations=23 (full 0):
 garbage-first heap   total 78848K, used 31484K [0x00000000c1400000, 0x0000000100000000)
  region size 1024K, 4 young (4096K), 4 survivors (4096K)
 Metaspace       used 74335K, committed 74944K, reserved 1114112K
  class space    used 10158K, committed 10432K, reserved 1048576K
}
Event: 49.636 GC heap before
{Heap before GC invocations=23 (full 0):
 garbage-first heap   total 78848K, used 63228K [0x00000000c1400000, 0x0000000100000000)
  region size 1024K, 35 young (35840K), 4 survivors (4096K)
 Metaspace       used 78402K, committed 79040K, reserved 1179648K
  class space    used 10757K, committed 11072K, reserved 1048576K
}
Event: 49.647 GC heap after
{Heap after GC invocations=24 (full 0):
 garbage-first heap   total 78848K, used 33892K [0x00000000c1400000, 0x0000000100000000)
  region size 1024K, 5 young (5120K), 5 survivors (5120K)
 Metaspace       used 78402K, committed 79040K, reserved 1179648K
  class space    used 10757K, committed 11072K, reserved 1048576K
}
Event: 188.912 GC heap before
{Heap before GC invocations=24 (full 0):
 garbage-first heap   total 78848K, used 62564K [0x00000000c1400000, 0x0000000100000000)
  region size 1024K, 34 young (34816K), 5 survivors (5120K)
 Metaspace       used 80524K, committed 81216K, reserved 1179648K
  class space    used 11054K, committed 11392K, reserved 1048576K
}
Event: 189.022 GC heap after
{Heap after GC invocations=25 (full 0):
 garbage-first heap   total 78848K, used 34509K [0x00000000c1400000, 0x0000000100000000)
  region size 1024K, 4 young (4096K), 4 survivors (4096K)
 Metaspace       used 80524K, committed 81216K, reserved 1179648K
  class space    used 11054K, committed 11392K, reserved 1048576K
}
Event: 461.248 GC heap before
{Heap before GC invocations=25 (full 0):
 garbage-first heap   total 78848K, used 64205K [0x00000000c1400000, 0x0000000100000000)
  region size 1024K, 33 young (33792K), 4 survivors (4096K)
 Metaspace       used 80525K, committed 81216K, reserved 1179648K
  class space    used 11054K, committed 11392K, reserved 1048576K
}
Event: 461.300 GC heap after
{Heap after GC invocations=26 (full 0):
 garbage-first heap   total 78848K, used 34520K [0x00000000c1400000, 0x0000000100000000)
  region size 1024K, 1 young (1024K), 1 survivors (1024K)
 Metaspace       used 80525K, committed 81216K, reserved 1179648K
  class space    used 11054K, committed 11392K, reserved 1048576K
}
Event: 472.683 GC heap before
{Heap before GC invocations=26 (full 0):
 garbage-first heap   total 78848K, used 37592K [0x00000000c1400000, 0x0000000100000000)
  region size 1024K, 5 young (5120K), 1 survivors (1024K)
 Metaspace       used 80651K, committed 81344K, reserved 1179648K
  class space    used 11080K, committed 11392K, reserved 1048576K
}
Event: 473.225 GC heap after
{Heap after GC invocations=27 (full 1):
 garbage-first heap   total 78848K, used 24311K [0x00000000c1400000, 0x0000000100000000)
  region size 1024K, 0 young (0K), 0 survivors (0K)
 Metaspace       used 80315K, committed 81344K, reserved 1179648K
  class space    used 11008K, committed 11392K, reserved 1048576K
}
Event: 476.722 GC heap before
{Heap before GC invocations=27 (full 1):
 garbage-first heap   total 78848K, used 64247K [0x00000000c1400000, 0x0000000100000000)
  region size 1024K, 39 young (39936K), 0 survivors (0K)
 Metaspace       used 80609K, committed 81344K, reserved 1179648K
  class space    used 11051K, committed 11392K, reserved 1048576K
}

